<?xml version="1.0" encoding="utf-8"?><testsuites name="pytest tests"><testsuite name="pytest" errors="0" failures="1" skipped="0" tests="330" time="85.962" timestamp="2026-09-16T14:04:04.713189+10:00" hostname="SK-20250314EJIZ"><testcase classname="tests.integration.test_account_feedback_contention" name="test_concurrent_account_creation_returns_conflict_without_partial_profile" time="0.725" /><testcase classname="tests.integration.test_account_feedback_contention" name="test_concurrent_first_feedback_save_reuses_one_record_and_keeps_review_editable" time="0.646" /><testcase classname="tests.integration.test_chat_evidence_reuse" name="test_explicit_new_topic_retrieves_and_resolved_followup_reuses_that_topic" time="1.431" /><testcase classname="tests.integration.test_chat_evidence_reuse" name="test_restatement_reuses_but_expansion_retrieves_with_exact_trace" time="1.212" /><testcase classname="tests.integration.test_chat_evidence_reuse" name="test_named_detailed_question_retrieves_and_dependent_restatement_uses_latest_answer" time="1.699" /><testcase classname="tests.integration.test_chat_model_freeze" name="test_queued_chat_freezes_model_and_transient_secret_boundary" time="0.989" /><testcase classname="tests.integration.test_chat_model_freeze" name="test_request_and_job_admin_access_stays_in_workspace" time="0.256" /><testcase classname="tests.integration.test_chat_model_freeze" name="test_required_tokenizer_failure_rejects_before_saving_user_turn" time="0.164" /><testcase classname="tests.integration.test_chat_retrieval_policy" name="test_policy_file_rotation_does_not_change_queued_or_legacy_requests" time="1.046" /><testcase classname="tests.integration.test_chat_retrieval_policy" name="test_missing_configured_reranker_publishes_error_without_answer_or_provider_call" time="0.752" /><testcase classname="tests.integration.test_chat_runtime" name="test_atomic_chat_context_and_current_evidence" time="1.149" /><testcase classname="tests.integration.test_chat_runtime" name="test_idempotency_busy_and_forbidden_fields" time="0.444" /><testcase classname="tests.integration.test_chat_runtime" name="test_profile_snapshot_conflict_and_profile_off_preserves_history" time="1.087" /><testcase classname="tests.integration.test_chat_runtime" name="test_cancel_retry_and_stale_publication" time="0.610" /><testcase classname="tests.integration.test_chat_runtime" name="test_latest_revision_preserves_feedback_and_failed_replacement" time="1.518" /><testcase classname="tests.integration.test_chat_runtime" name="test_ownership_archive_and_new_session_isolation" time="0.660" /><testcase classname="tests.integration.test_corpus_runtime" name="test_upload_type_path_limits_recursive_secrets_and_raw_dedup" time="0.300" /><testcase classname="tests.integration.test_corpus_runtime" name="test_quarantine_inspectable_exclusion_and_processing_lineage" time="0.896" /><testcase classname="tests.integration.test_corpus_runtime" name="test_reprocessing_creates_new_chunks_while_old_evidence_survives" time="1.043" /><testcase classname="tests.integration.test_corpus_runtime" name="test_quality_hash_export_and_semantic_processing_diff_ignore_new_ids" time="0.672" /><testcase classname="tests.integration.test_corpus_runtime" name="test_processing_diff_reports_split_groups_by_overlapping_source_spans" time="0.463" /><testcase classname="tests.integration.test_corpus_runtime" name="test_failed_index_preserves_pointer_cache_and_a_b_a_rollback" time="1.340" /><testcase classname="tests.integration.test_corpus_runtime" name="test_actual_pgvector_rankings_bm25_independence_and_invalid_mixed_vectors" time="0.662" /><testcase classname="tests.integration.test_corpus_runtime" name="test_source_deactivation_filters_current_retrieval_and_restore_recovers" time="0.605" /><testcase classname="tests.integration.test_corpus_runtime" name="test_large_multisource_retrieval_bulk_reads_preserve_integrity_checks" time="1.481" /><testcase classname="tests.integration.test_corpus_runtime" name="test_cache_rejects_finite_but_corrupted_prior_vectors_and_reencodes" time="0.922" /><testcase classname="tests.integration.test_corpus_runtime" name="test_reusing_valid_float32_vectors_preserves_exact_bits_and_manifest" time="0.588" /><testcase classname="tests.integration.test_corpus_runtime" name="test_legacy_release_without_saved_hashes_requires_explicit_new_build" time="1.190" /><testcase classname="tests.integration.test_corpus_runtime" name="test_process_stop_and_stale_recovery_fence_late_publication_and_allow_rerun[cancel]" time="0.382" /><testcase classname="tests.integration.test_corpus_runtime" name="test_process_stop_and_stale_recovery_fence_late_publication_and_allow_rerun[recover]" time="0.342" /><testcase classname="tests.integration.test_corpus_runtime" name="test_release_stop_and_recovery_do_not_lock_provider_or_publish_late_vectors[cancel]" time="0.943" /><testcase classname="tests.integration.test_corpus_runtime" name="test_release_stop_and_recovery_do_not_lock_provider_or_publish_late_vectors[recover]" time="0.874" /><testcase classname="tests.integration.test_evaluation_postgres" name="test_postgres_frozen_runner_resume_preserves_receipts_and_actual_parameters[sciq_openqa]" time="1.103" /><testcase classname="tests.integration.test_evaluation_postgres" name="test_postgres_frozen_runner_resume_preserves_receipts_and_actual_parameters[sciq_mcq]" time="1.044" /><testcase classname="tests.integration.test_evaluation_postgres" name="test_postgres_public_freeze_rejects_hash_and_stops_revoked_environment" time="0.672" /><testcase classname="tests.integration.test_evaluation_postgres" name="test_postgres_e0_both_schemas_never_call_retriever[sciq_openqa]" time="0.932" /><testcase classname="tests.integration.test_evaluation_postgres" name="test_postgres_e0_both_schemas_never_call_retriever[sciq_mcq]" time="0.829" /><testcase classname="tests.integration.test_evaluation_postgres" name="test_postgres_teaching_api_nine_matched_jobs_and_blind_export_without_chat_mutation" time="2.126" /><testcase classname="tests.integration.test_evaluation_postgres" name="test_postgres_teaching_cancel_keeps_success_and_all_scheduled_outcomes" time="1.445" /><testcase classname="tests.integration.test_evaluation_postgres" name="test_postgres_teaching_late_source_revocation_discards_publication" time="1.379" /><testcase classname="tests.integration.test_evaluation_postgres" name="test_postgres_teaching_stale_claim_retains_charged_budget_and_fences_late_result" time="1.318" /><testcase classname="tests.integration.test_evaluation_postgres" name="test_postgres_all_twelve_authored_scenario_families_use_real_chat_api" time="8.541" /><testcase classname="tests.integration.test_evaluation_postgres" name="test_postgres_teaching_resolves_frozen_managed_key_after_active_rotation" time="2.211" /><testcase classname="tests.integration.test_legacy_mcq_migration" name="test_initial_data_and_typed_mcq_survive_additive_migrations" time="1.493" /><testcase classname="tests.integration.test_managed_evaluation" name="test_explicit_managed_e0_freezes_revision_and_secret_without_active_override" time="0.985" /><testcase classname="tests.integration.test_managed_evaluation" name="test_managed_evaluation_rejects_cross_workspace_and_mixed_overrides" time="0.109" /><testcase classname="tests.integration.test_managed_evaluation" name="test_managed_live_freeze_and_teaching_labels_ignore_mock_environment" time="1.449" /><testcase classname="tests.integration.test_model_settings" name="test_model_configuration_parallel_successor_is_single_revision" time="0.156" /><testcase classname="tests.integration.test_model_settings" name="test_model_configuration_parallel_first_activation_is_single_pointer" time="0.280" /><testcase classname="tests.integration.test_model_settings" name="test_capabilities_uses_workspace_managed_mode_and_reverts_to_environment" time="0.458" /><testcase classname="tests.integration.test_operations" name="test_cleanup_dry_run_and_apply_preserve_referenced_bytes" time="0.753" /><testcase classname="tests.integration.test_operations" name="test_cleanup_rejects_changed_file_and_root_escape" time="0.119" /><testcase classname="tests.integration.test_operations" name="test_operator_cli_uses_real_database_and_secret_environment" time="5.036" /><testcase classname="tests.integration.test_query_reliability" name="test_cpu_override_freezes_and_preserves_corpus_configuration" time="1.080" /><testcase classname="tests.integration.test_query_reliability" name="test_bare_acronym_skips_all_retrieval_and_paid_generation" time="0.951" /><testcase classname="tests.integration.test_query_reliability" name="test_low_relevance_is_saved_then_refused_without_model_call" time="0.978" /><testcase classname="tests.integration.test_query_reliability" name="test_old_queued_request_has_no_device_or_gate_override" time="1.220" /><testcase classname="tests.integration.test_query_reliability" name="test_auto_does_not_require_optional_torch_for_mock_corpus" time="0.883" /><testcase classname="tests.integration.test_runtime_faults" name="test_simultaneous_duplicate_submit_and_optimistic_updates" time="0.500" /><testcase classname="tests.integration.test_runtime_faults" name="test_provider_format_repair_counts_survive_retry" time="0.443" /><testcase classname="tests.integration.test_runtime_faults" name="test_cancel_during_provider_call_fences_late_output" time="0.313" /><testcase classname="tests.integration.test_runtime_faults" name="test_stop_during_retrieval_model_work_does_not_wait_for_job_lock" time="0.790" /><testcase classname="tests.integration.test_runtime_faults" name="test_database_failure_publishes_no_partial_answer" time="0.511" /><testcase classname="tests.integration.test_runtime_faults" name="test_stale_recovery_preserves_exhausted_budget" time="0.236" /><testcase classname="tests.integration.test_runtime_faults" name="test_account_credential_revocation_and_admin_reset" time="0.275" /><testcase classname="tests.integration.test_runtime_faults" name="test_long_context_summary_is_persisted_and_attributable" time="2.104" /><testcase classname="tests.integration.test_runtime_faults" name="test_regeneration_keeps_configured_caps_and_benchmark_retry_is_blocked" time="0.490" /><testcase classname="tests.unit.test_adapter_replacement" name="test_configuration_switch_keeps_shared_consumer_modes_context_and_citations[interactive_chat]" time="0.051" /><testcase classname="tests.unit.test_adapter_replacement" name="test_configuration_switch_keeps_shared_consumer_modes_context_and_citations[benchmark_openqa]" time="0.050" /><testcase classname="tests.unit.test_adapter_replacement" name="test_configuration_switch_keeps_shared_consumer_modes_context_and_citations[benchmark_mcq]" time="0.048" /><testcase classname="tests.unit.test_adapter_replacement" name="test_configured_http_failures_use_shared_error_and_repair_bounds[401-False-PROVIDER_HTTP_ERROR-1]" time="0.047" /><testcase classname="tests.unit.test_adapter_replacement" name="test_configured_http_failures_use_shared_error_and_repair_bounds[200-True-INVALID_CITATIONS-2]" time="0.072" /><testcase classname="tests.unit.test_conversation" name="test_context_ownership_cutoff_revisions_and_completed_pairs" time="0.000" /><testcase classname="tests.unit.test_conversation" name="test_long_history_summary_is_attributable_and_nonoverlapping" time="0.000" /><testcase classname="tests.unit.test_conversation" name="test_summary_revision_or_content_change_invalidates" time="0.000" /><testcase classname="tests.unit.test_conversation" name="test_summary_failure_keeps_bounded_recent_history_and_records_lost_prefix" time="0.000" /><testcase classname="tests.unit.test_conversation" name="test_query_has_actual_referent_and_no_guessed_answer" time="0.000" /><testcase classname="tests.unit.test_conversation" name="test_new_topic_comparison_correction_and_explicit_example" time="0.001" /><testcase classname="tests.unit.test_conversation" name="test_local_clause_subject_is_not_replaced_with_an_old_session_topic" time="0.001" /><testcase classname="tests.unit.test_conversation" name="test_explicit_named_question_with_example_is_not_missing_referent" time="0.000" /><testcase classname="tests.unit.test_conversation" name="test_local_relative_pronoun_survives_expansion_and_restatement_targets_latest_turn" time="0.000" /><testcase classname="tests.unit.test_embedding_cache" name="test_same_full_identity_reuses_model_without_changing_constructor_arguments" time="0.000" /><testcase classname="tests.unit.test_embedding_cache" name="test_each_model_identity_field_prevents_incompatible_reuse[change0]" time="0.000" /><testcase classname="tests.unit.test_embedding_cache" name="test_each_model_identity_field_prevents_incompatible_reuse[change1]" time="0.000" /><testcase classname="tests.unit.test_embedding_cache" name="test_each_model_identity_field_prevents_incompatible_reuse[change2]" time="0.000" /><testcase classname="tests.unit.test_embedding_cache" name="test_each_model_identity_field_prevents_incompatible_reuse[change3]" time="0.000" /><testcase classname="tests.unit.test_embedding_cache" name="test_each_model_identity_field_prevents_incompatible_reuse[change4]" time="0.000" /><testcase classname="tests.unit.test_embedding_cache" name="test_model_cache_is_bounded_and_lru_reloads_evicted_identity" time="0.000" /><testcase classname="tests.unit.test_embedding_cache" name="test_concurrent_first_requests_do_not_construct_duplicate_models" time="0.053" /><testcase classname="tests.unit.test_embedding_cache" name="test_failed_model_load_is_not_cached_or_replaced_by_mock_or_other_device" time="0.000" /><testcase classname="tests.unit.test_embedding_cache" name="test_every_encode_runs_preserving_prefixes_vectors_and_failure_guards" time="0.001" /><testcase classname="tests.unit.test_embedding_cache" name="test_mock_is_not_model_cached_and_bad_revision_stays_a_hard_failure" time="0.000" /><testcase classname="tests.unit.test_error_log_safety" name="test_unexpected_database_error_omits_sql_parameters_and_exception_chain" time="0.013" /><testcase classname="tests.unit.test_evaluation_annotations" name="test_qrels_require_actual_review_identity_and_frozen_sources" time="0.000" /><testcase classname="tests.unit.test_evaluation_annotations" name="test_blinding_hides_conditions_and_retains_all_nine_items" time="0.001" /><testcase classname="tests.unit.test_evaluation_annotations" name="test_missing_ratings_remain_null_and_pairs_use_questions" time="0.303" /><testcase classname="tests.unit.test_evaluation_annotations" name="test_duplicate_and_failed_output_ratings_are_rejected" time="0.001" /><testcase classname="tests.unit.test_evaluation_annotations" name="test_controlled_comparisons_reject_test_tuning_and_multiple_changes" time="0.000" /><testcase classname="tests.unit.test_evaluation_annotations" name="test_twelve_authored_families_fit_composer_without_private_claims" time="0.000" /><testcase classname="tests.unit.test_evaluation_annotations" name="test_conversation_profile_off_keeps_session_and_new_chat_is_distinct" time="0.000" /><testcase classname="tests.unit.test_evaluation_backend" name="test_actual_shared_worker_persists_typed_benchmark_without_dialogue_or_gold[sciq_openqa]" time="0.554" /><testcase classname="tests.unit.test_evaluation_backend" name="test_actual_shared_worker_persists_typed_benchmark_without_dialogue_or_gold[sciq_mcq]" time="0.542" /><testcase classname="tests.unit.test_evaluation_backend" name="test_registered_hash_rejects_post_freeze_question_or_gold_injection" time="0.439" /><testcase classname="tests.unit.test_evaluation_backend" name="test_server_cancellation_retains_all_scheduled_items" time="0.448" /><testcase classname="tests.unit.test_evaluation_backend" name="test_admin_api_create_freeze_start_results_and_role_denial" time="0.524" /><testcase classname="tests.unit.test_evaluation_metrics" name="test_conservative_em[ Oxygen  -oxygen-1]" time="0.001" /><testcase classname="tests.unit.test_evaluation_metrics" name="test_conservative_em[\uff2f\uff38\uff39\uff27\uff25\uff2e-oxygen-1]" time="0.000" /><testcase classname="tests.unit.test_evaluation_metrics" name="test_conservative_em[not oxygen-oxygen-0]" time="0.000" /><testcase classname="tests.unit.test_evaluation_metrics" name="test_conservative_em[-2 m-2 m-0]" time="0.000" /><testcase classname="tests.unit.test_evaluation_metrics" name="test_conservative_em[2 mg-2 g-0]" time="0.000" /><testcase classname="tests.unit.test_evaluation_metrics" name="test_conservative_em[--0]" time="0.000" /><testcase classname="tests.unit.test_evaluation_metrics" name="test_conservative_em[None-oxygen-0]" time="0.000" /><testcase classname="tests.unit.test_evaluation_metrics" name="test_multiset_f1_preserves_negation_signs_units_and_repetition" time="0.000" /><testcase classname="tests.unit.test_evaluation_metrics" name="test_full_explanation_is_never_used_as_compact_answer" time="0.000" /><testcase classname="tests.unit.test_evaluation_metrics" name="test_failed_cancelled_and_refused_rows_keep_scheduled_denominator" time="0.000" /><testcase classname="tests.unit.test_evaluation_metrics" name="test_mcq_requires_selected_option_text_not_only_label" time="0.000" /><testcase classname="tests.unit.test_evaluation_metrics" name="test_retrieval_uses_actual_returned_denominator_and_graded_ndcg" time="0.000" /><testcase classname="tests.unit.test_evaluation_metrics" name="test_unavailable_qrels_and_zero_idcg_are_not_fabricated_zeros" time="0.000" /><testcase classname="tests.unit.test_evaluation_metrics" name="test_citations_check_actual_text_hash_and_have_applicable_denominator" time="0.000" /><testcase classname="tests.unit.test_evaluation_metrics" name="test_exact_binary_discordants_and_continuous_paired_intervals" time="0.001" /><testcase classname="tests.unit.test_evaluation_metrics" name="test_turns_cluster_by_scenario_without_invalid_per_turn_mcnemar" time="0.001" /><testcase classname="tests.unit.test_evaluation_outcome_timing" name="test_persisted_item_outcome_preserves_authoritative_timing[measured-preparation-excludes-retrieval]" time="0.014" /><testcase classname="tests.unit.test_evaluation_outcome_timing" name="test_persisted_item_outcome_preserves_authoritative_timing[measured-zero-is-not-missing]" time="0.162" /><testcase classname="tests.unit.test_evaluation_outcome_timing" name="test_persisted_item_outcome_preserves_authoritative_timing[existing-unscoped-answer-value-is-preserved]" time="0.011" /><testcase classname="tests.unit.test_evaluation_outcome_timing" name="test_persisted_item_outcome_preserves_authoritative_timing[legacy-missing-answer-value-has-labelled-fallback]" time="0.011" /><testcase classname="tests.unit.test_evaluation_outcome_timing" name="test_persisted_item_outcome_preserves_authoritative_timing[unmeasured-legacy-value-stays-null]" time="0.010" /><testcase classname="tests.unit.test_evaluation_outcome_timing" name="test_persisted_item_outcome_preserves_authoritative_timing[scoped-missing-value-is-not-an-aggregate]" time="0.011" /><testcase classname="tests.unit.test_evaluation_outcome_timing" name="test_persisted_item_outcome_preserves_authoritative_timing[unknown-scoped-measurement-is-not-legacy]" time="0.011" /><testcase classname="tests.unit.test_evaluation_runner" name="test_stem_projection_unchanged_when_private_labels_change" time="0.000" /><testcase classname="tests.unit.test_evaluation_runner" name="test_mcq_shuffle_is_stable_symmetric_and_gold_stays_private" time="0.000" /><testcase classname="tests.unit.test_evaluation_runner" name="test_duplicate_candidates_and_split_counts" time="0.002" /><testcase classname="tests.unit.test_evaluation_runner" name="test_duplicate_source_choices_do_not_block_stem_only_openqa_freeze" time="0.025" /><testcase classname="tests.unit.test_evaluation_runner" name="test_freeze_preregisters_and_resume_does_not_repeat_calls" time="0.043" /><testcase classname="tests.unit.test_evaluation_runner" name="test_interrupted_submission_reconciles_receipt_without_new_call" time="0.044" /><testcase classname="tests.unit.test_evaluation_runner" name="test_ambiguous_unrecorded_submission_never_automatically_repeats" time="0.052" /><testcase classname="tests.unit.test_evaluation_runner" name="test_environment_change_stops_new_calls_preserves_scheduled_set" time="0.037" /><testcase classname="tests.unit.test_evaluation_runner" name="test_submission_attempt_limit_preserves_next63_items_after_uncertain_receipt" time="0.035" /><testcase classname="tests.unit.test_evaluation_runner" name="test_tampered_manifest_or_private_reference_rejected" time="0.019" /><testcase classname="tests.unit.test_evaluation_runner" name="test_cancelled_export_retains_denominator_and_has_no_private_reference" time="0.033" /><testcase classname="tests.unit.test_evaluation_runner" name="test_live_defaults_and_e1_redefinition_are_rejected" time="0.002" /><testcase classname="tests.unit.test_evaluation_runner" name="test_repeat_export_preserves_existing_independent_review" time="0.055" /><testcase classname="tests.unit.test_evaluation_runner" name="test_malformed_shared_response_is_retained_as_invalid" time="0.036" /><testcase classname="tests.unit.test_evaluation_study" name="test_shared_mock_study_freezes_nine_conditions_and_resumes_without_repeating" time="0.120" /><testcase classname="tests.unit.test_evaluation_study" name="test_interrupted_study_call_is_not_silently_repeated" time="0.100" /><testcase classname="tests.unit.test_evaluation_study" name="test_study_rejects_live_mode_and_mutated_frozen_inputs" time="0.011" /><testcase classname="tests.unit.test_evaluation_study" name="test_study_prompt_or_rubric_environment_change_stops_remaining_calls" time="0.024" /><testcase classname="tests.unit.test_failure_diagnostics" name="test_diagnostics_scope_and_permissions" time="0.507" /><testcase classname="tests.unit.test_failure_diagnostics" name="test_actual_citations_and_distinct_evidence_counts" time="0.422" /><testcase classname="tests.unit.test_failure_diagnostics" name="test_unrecorded_counts_remain_unknown_and_errors_are_safe" time="0.381" /><testcase classname="tests.unit.test_failure_diagnostics" name="test_paginated_failure_list" time="0.439" /><testcase classname="tests.unit.test_generation_contracts" name="test_chat_message_never_requires_choices" time="0.000" /><testcase classname="tests.unit.test_generation_contracts" name="test_learner_cannot_supply_trusted_or_evaluator_fields[gold_answer]" time="0.000" /><testcase classname="tests.unit.test_generation_contracts" name="test_learner_cannot_supply_trusted_or_evaluator_fields[history]" time="0.000" /><testcase classname="tests.unit.test_generation_contracts" name="test_learner_cannot_supply_trusted_or_evaluator_fields[summary]" time="0.000" /><testcase classname="tests.unit.test_generation_contracts" name="test_learner_cannot_supply_trusted_or_evaluator_fields[model]" time="0.000" /><testcase classname="tests.unit.test_generation_contracts" name="test_learner_cannot_supply_trusted_or_evaluator_fields[owner]" time="0.000" /><testcase classname="tests.unit.test_generation_contracts" name="test_learner_cannot_supply_trusted_or_evaluator_fields[options]" time="0.000" /><testcase classname="tests.unit.test_generation_contracts" name="test_chat_preserves_complete_prose_and_all_required_fields" time="0.000" /><testcase classname="tests.unit.test_generation_contracts" name="test_chat_rejects_invalid_confidence[True]" time="0.000" /><testcase classname="tests.unit.test_generation_contracts" name="test_chat_rejects_invalid_confidence[False]" time="0.000" /><testcase classname="tests.unit.test_generation_contracts" name="test_chat_rejects_invalid_confidence[nan]" time="0.000" /><testcase classname="tests.unit.test_generation_contracts" name="test_chat_rejects_invalid_confidence[inf]" time="0.000" /><testcase classname="tests.unit.test_generation_contracts" name="test_chat_rejects_invalid_confidence[-0.1]" time="0.000" /><testcase classname="tests.unit.test_generation_contracts" name="test_chat_rejects_invalid_confidence[1.1]" time="0.000" /><testcase classname="tests.unit.test_generation_contracts" name="test_refusal_has_distinct_empty_and_null_invariants" time="0.000" /><testcase classname="tests.unit.test_generation_contracts" name="test_social_and_clarification_have_no_compact_factual_answer[social]" time="0.000" /><testcase classname="tests.unit.test_generation_contracts" name="test_social_and_clarification_have_no_compact_factual_answer[clarification]" time="0.000" /><testcase classname="tests.unit.test_generation_contracts" name="test_mcq_requires_exact_four_labels_and_normalized_distinct_options" time="0.000" /><testcase classname="tests.unit.test_generation_contracts" name="test_mcq_preserves_original_option_text_for_exact_output_comparison" time="0.000" /><testcase classname="tests.unit.test_generation_contracts" name="test_legacy_mcq_refusal_enum_is_separate_from_chat" time="0.000" /><testcase classname="tests.unit.test_generation_engine" name="test_strict_json_negatives[```json\n{}\n```]" time="0.000" /><testcase classname="tests.unit.test_generation_engine" name="test_strict_json_negatives[{} {}]" time="0.000" /><testcase classname="tests.unit.test_generation_engine" name="test_strict_json_negatives[{} trailing]" time="0.000" /><testcase classname="tests.unit.test_generation_engine" name="test_strict_json_negatives[[]]" time="0.000" /><testcase classname="tests.unit.test_generation_engine" name="test_strict_json_negatives[{&quot;x&quot;:NaN}]" time="0.000" /><testcase classname="tests.unit.test_generation_engine" name="test_strict_json_negatives[{&quot;x&quot;:Infinity}]" time="0.000" /><testcase classname="tests.unit.test_generation_engine" name="test_strict_json_negatives[{&quot;x&quot;:1,&quot;x&quot;:2}]" time="0.000" /><testcase classname="tests.unit.test_generation_engine" name="test_strict_json_negatives[{&quot;nested&quot;:{&quot;x&quot;:1,&quot;x&quot;:2}}]" time="0.000" /><testcase classname="tests.unit.test_generation_engine" name="test_schema_and_selected_source_negatives[updates0]" time="0.000" /><testcase classname="tests.unit.test_generation_engine" name="test_schema_and_selected_source_negatives[updates1]" time="0.000" /><testcase classname="tests.unit.test_generation_engine" name="test_schema_and_selected_source_negatives[updates2]" time="0.000" /><testcase classname="tests.unit.test_generation_engine" name="test_schema_and_selected_source_negatives[updates3]" time="0.000" /><testcase classname="tests.unit.test_generation_engine" name="test_schema_and_selected_source_negatives[updates4]" time="0.000" /><testcase classname="tests.unit.test_generation_engine" name="test_actual_role_order_profile_off_and_frozen_benchmark_boundary" time="0.007" /><testcase classname="tests.unit.test_generation_engine" name="test_mock_changes_with_current_evidence_and_history_sensitive_query" time="0.009" /><testcase classname="tests.unit.test_generation_engine" name="test_shared_four_call_budget_covers_transient_and_one_format_repair" time="0.002" /><testcase classname="tests.unit.test_generation_engine" name="test_invalid_twice_is_error_not_refusal_and_retry_retains_budget" time="0.005" /><testcase classname="tests.unit.test_generation_engine" name="test_complete_json_with_length_finish_never_publishes_or_repairs" time="0.002" /><testcase classname="tests.unit.test_generation_engine" name="test_context_budget_includes_profile_schema_and_output_and_drops_whole_chunks" time="0.005" /><testcase classname="tests.unit.test_generation_engine" name="test_provider_empty_and_truncated_envelopes[payload0-PROVIDER_RESPONSE_ERROR]" time="0.001" /><testcase classname="tests.unit.test_generation_engine" name="test_provider_empty_and_truncated_envelopes[payload1-PROVIDER_RESPONSE_ERROR]" time="0.001" /><testcase classname="tests.unit.test_generation_engine" name="test_provider_empty_and_truncated_envelopes[payload2-PROVIDER_RESPONSE_ERROR]" time="0.001" /><testcase classname="tests.unit.test_generation_engine" name="test_provider_empty_and_truncated_envelopes[payload3-EMPTY_RESPONSE]" time="0.001" /><testcase classname="tests.unit.test_generation_engine" name="test_provider_empty_and_truncated_envelopes[payload4-OUTPUT_TRUNCATED]" time="0.001" /><testcase classname="tests.unit.test_generation_engine" name="test_provider_http_metadata_and_retryability[429-True]" time="0.001" /><testcase classname="tests.unit.test_generation_engine" name="test_provider_http_metadata_and_retryability[500-True]" time="0.001" /><testcase classname="tests.unit.test_generation_engine" name="test_provider_http_metadata_and_retryability[503-True]" time="0.001" /><testcase classname="tests.unit.test_generation_engine" name="test_provider_http_metadata_and_retryability[401-False]" time="0.001" /><testcase classname="tests.unit.test_generation_engine" name="test_provider_http_metadata_and_retryability[403-False]" time="0.001" /><testcase classname="tests.unit.test_generation_engine" name="test_http_adapter_sends_actual_roles_and_unknown_usage_remains_null" time="0.002" /><testcase classname="tests.unit.test_generation_providers" name="test_actual_http_protocol_roles_auth_usage[openai_compatible]" time="0.556" /><testcase classname="tests.unit.test_generation_providers" name="test_actual_http_protocol_roles_auth_usage[anthropic]" time="0.535" /><testcase classname="tests.unit.test_generation_providers" name="test_actual_http_protocol_roles_auth_usage[gemini]" time="0.528" /><testcase classname="tests.unit.test_generation_providers" name="test_actual_http_protocol_roles_auth_usage[azure_openai]" time="0.545" /><testcase classname="tests.unit.test_generation_providers" name="test_actual_http_protocol_roles_auth_usage[ollama]" time="0.540" /><testcase classname="tests.unit.test_generation_providers" name="test_redirect_does_not_forward_secret_or_issue_second_call" time="0.560" /><testcase classname="tests.unit.test_generation_providers" name="test_managed_missing_key_never_inherits_environment" time="0.001" /><testcase classname="tests.unit.test_generation_providers" name="test_probe_requires_exact_json_and_erases_raw[{&quot;ok&quot;:false}]" time="0.001" /><testcase classname="tests.unit.test_generation_providers" name="test_probe_requires_exact_json_and_erases_raw[{&quot;ok&quot;:true,&quot;extra&quot;:1}]" time="0.001" /><testcase classname="tests.unit.test_generation_providers" name="test_probe_requires_exact_json_and_erases_raw[{&quot;ok&quot;:true,&quot;ok&quot;:true}]" time="0.001" /><testcase classname="tests.unit.test_generation_providers" name="test_probe_requires_exact_json_and_erases_raw[```json\n{&quot;ok&quot;:true}\n```]" time="0.001" /><testcase classname="tests.unit.test_generation_providers" name="test_native_count_is_billed_to_same_request_budget[anthropic]" time="0.002" /><testcase classname="tests.unit.test_generation_providers" name="test_native_count_is_billed_to_same_request_budget[gemini]" time="0.002" /><testcase classname="tests.unit.test_generation_providers" name="test_provider_count_rejects_window_before_generation" time="0.003" /><testcase classname="tests.unit.test_generation_providers" name="test_whole_payload_counter_covers_profile_schema_roles_and_unicode" time="0.002" /><testcase classname="tests.unit.test_generation_providers" name="test_provider_thinking_is_explicit_and_benchmark_profile_stays_frozen" time="0.002" /><testcase classname="tests.unit.test_generation_providers" name="test_gemini_schema_literal_uses_supported_enum_without_loosening_local_contract" time="0.000" /><testcase classname="tests.unit.test_generation_providers" name="test_pinned_local_tokenizer_manifest_failure_is_explicit" time="0.006" /><testcase classname="tests.unit.test_generation_providers" name="test_configuration_failure_records_selection_but_no_submitted_evidence" time="0.001" /><testcase classname="tests.unit.test_generation_providers" name="test_empty_provider_response_retries_once_with_same_budget_then_publishes" time="0.002" /><testcase classname="tests.unit.test_generation_providers" name="test_format_repair_explains_refusal_marker_rule_without_changing_validator" time="0.002" /><testcase classname="tests.unit.test_mock_evidence_coverage" name="test_actual_unrelated_candidates_never_become_factual_answers[How do I configure Kubernetes ingress TLS certificates?]" time="0.004" /><testcase classname="tests.unit.test_mock_evidence_coverage" name="test_actual_unrelated_candidates_never_become_factual_answers[Who won the 2026 Formula One world championship?]" time="0.004" /><testcase classname="tests.unit.test_mock_evidence_coverage" name="test_actual_unrelated_candidates_never_become_factual_answers[What is the current exchange rate between the yen and the euro?]" time="0.004" /><testcase classname="tests.unit.test_mock_evidence_coverage" name="test_actual_textbook_candidates_retain_supported_extractive_answers[How does negative feedback maintain homeostasis?]" time="0.007" /><testcase classname="tests.unit.test_mock_evidence_coverage" name="test_actual_textbook_candidates_retain_supported_extractive_answers[What are the functions of erythrocytes, leukocytes and platelets?]" time="0.005" /><testcase classname="tests.unit.test_mock_evidence_coverage" name="test_actual_textbook_candidates_retain_supported_extractive_answers[How does glycolysis produce ATP from glucose?]" time="0.004"><failure message="AssertionError: assert 'refusal' == 'answer'&#10;  &#10;  - answer&#10;  + refusal">case = {'category': 'biology', 'question': 'How does glycolysis produce ATP from glucose?', 'elapsed_seconds': 13.545, 'hits'...-84bd-e43ed136121f', 'processing_id': '68334a80-0ad3-4198-8703-2b830a85a9ce', 'source_title': 'Biology 2e', ...}], ...}

    @pytest.mark.parametrize(
        "case",
        [
            case
            for case in CASES
            if case["category"] != "unrelated" and "plants use light" not in case["question"]
        ],
        ids=lambda case: case["question"],
    )
    def test_actual_textbook_candidates_retain_supported_extractive_answers(case):
        result = generate(case["question"], case["hits"])
        assert result.succeeded and result.model_mode == "mock"
&gt;       assert result.response["response_type"] == "answer"
E       AssertionError: assert 'refusal' == 'answer'
E         
E         - answer
E         + refusal

tests\unit\test_mock_evidence_coverage.py:58: AssertionError</failure></testcase><testcase classname="tests.unit.test_mock_evidence_coverage" name="test_actual_textbook_candidates_retain_supported_extractive_answers[How do natural selection and genetic drift differ?]" time="0.006" /><testcase classname="tests.unit.test_mock_evidence_coverage" name="test_actual_textbook_candidates_retain_supported_extractive_answers[What is the difference between a food chain and a food web?]" time="0.005" /><testcase classname="tests.unit.test_mock_evidence_coverage" name="test_actual_textbook_candidates_retain_supported_extractive_answers[What is the difference between prokaryotic and eukaryotic cells?]" time="0.006" /><testcase classname="tests.unit.test_mock_evidence_coverage" name="test_actual_learning_objective_question_is_not_mistaken_for_an_answer" time="0.007" /><testcase classname="tests.unit.test_mock_evidence_coverage" name="test_actual_photosynthesis_candidates_remain_usable_after_prepared_follow_up[Why does it need light?]" time="0.006" /><testcase classname="tests.unit.test_mock_evidence_coverage" name="test_actual_photosynthesis_candidates_remain_usable_after_prepared_follow_up[Make it simpler]" time="0.005" /><testcase classname="tests.unit.test_mock_evidence_coverage" name="test_actual_photosynthesis_candidates_remain_usable_after_prepared_follow_up[Give an example]" time="0.005" /><testcase classname="tests.unit.test_mock_evidence_coverage" name="test_numbers_and_negation_are_required_content[Explain nuclear fusion in 2031]" time="0.002" /><testcase classname="tests.unit.test_mock_evidence_coverage" name="test_numbers_and_negation_are_required_content[Explain nuclear fusion without heat]" time="0.002" /><testcase classname="tests.unit.test_mock_evidence_coverage" name="test_terms_scattered_over_unrelated_paragraphs_do_not_qualify_an_excerpt" time="0.002" /><testcase classname="tests.unit.test_mock_evidence_coverage" name="test_provider_scores_are_not_used_to_qualify_mock_evidence" time="0.007" /><testcase classname="tests.unit.test_mock_evidence_coverage" name="test_standard_inflections_do_not_require_unrelated_keyword_exceptions" time="0.002" /><testcase classname="tests.unit.test_mock_evidence_coverage" name="test_grounded_teaching_base_retains_energy_form_answer" time="0.002" /><testcase classname="tests.unit.test_mock_evidence_coverage" name="test_source_exercise_question_does_not_become_an_asserted_answer" time="0.003" /><testcase classname="tests.unit.test_mock_evidence_coverage" name="test_learner_correction_completes_an_ambiguous_turn_with_the_named_topic" time="0.002" /><testcase classname="tests.unit.test_model_settings" name="test_admin_only_and_workspace_scope" time="0.213" /><testcase classname="tests.unit.test_model_settings" name="test_save_test_activate_actual_http_and_frozen_secret" time="0.915" /><testcase classname="tests.unit.test_model_settings" name="test_invalid_and_failed_probe_cannot_activate_and_no_secret_leak" time="0.898" /><testcase classname="tests.unit.test_model_settings" name="test_key_destination_change_requires_explicit_action_and_clear_never_inherits_env" time="0.638" /><testcase classname="tests.unit.test_model_settings" name="test_successor_conflict_immutability_and_explicit_environment_revert" time="0.323" /><testcase classname="tests.unit.test_model_settings" name="test_base_url_never_accepts_inline_credentials[https://user:private-value@example.com/v1]" time="0.161" /><testcase classname="tests.unit.test_model_settings" name="test_base_url_never_accepts_inline_credentials[https://example.com/v1?api_key=private-value]" time="0.138" /><testcase classname="tests.unit.test_model_settings" name="test_base_url_never_accepts_inline_credentials[https://example.com/v1#private-value]" time="0.138" /><testcase classname="tests.unit.test_model_settings" name="test_base_url_never_accepts_inline_credentials[file:///private-value]" time="0.142" /><testcase classname="tests.unit.test_model_settings" name="test_bootstrap_key_is_atomic_and_not_created_in_production" time="0.032" /><testcase classname="tests.unit.test_model_settings" name="test_accounts_are_scoped_and_reset_revokes_existing_login" time="0.235" /><testcase classname="tests.unit.test_pipeline" name="test_clean_preserves_scientific_symbols_and_ambiguous_hard_hyphens" time="0.000" /><testcase classname="tests.unit.test_pipeline" name="test_txt_heading_quality_and_original_text_remain_available" time="0.002" /><testcase classname="tests.unit.test_pipeline" name="test_physical_pdf_pages_carry_real_sections_and_flag_removed_furniture" time="0.002" /><testcase classname="tests.unit.test_pipeline" name="test_actual_pypdf_extracts_authored_bytes_with_physical_pages" time="0.004" /><testcase classname="tests.unit.test_pipeline" name="test_pdf_page_extraction_failure_preserves_other_pages_and_blocks_publication" time="0.002" /><testcase classname="tests.unit.test_pipeline" name="test_chunks_repeatable_unique_across_sections_and_reconstruct_exact_spans" time="0.000" /><testcase classname="tests.unit.test_pipeline" name="test_exact_tokenizer_bounds_long_text_and_no_unmapped_character_loss" time="0.000" /><testcase classname="tests.unit.test_pipeline" name="test_excluded_units_and_section_changes_never_merge" time="0.000" /><testcase classname="tests.unit.test_pipeline" name="test_fixed_and_structure_strategies_preserve_source_coverage_with_distinct_boundaries" time="0.002" /><testcase classname="tests.unit.test_pipeline" name="test_bookmarks_prevent_contents_false_sections_and_preserve_midpage_continuation" time="0.001" /><testcase classname="tests.unit.test_pipeline" name="test_low_text_visual_page_blocks_while_prose_retains_visual_limitations" time="0.002" /><testcase classname="tests.unit.test_pipeline" name="test_actual_unbookmarked_pdf_prefix_uses_page_local_labels_and_preserves_v4" time="0.006" /><testcase classname="tests.unit.test_profiles" name="test_profile_compiler_stable_distinct_and_explicit_invalid_values_fail" time="0.001" /><testcase classname="tests.unit.test_profiles" name="test_temporary_override_does_not_mutate_saved_profile_and_off_keeps_no_profile_policy" time="0.000" /><testcase classname="tests.unit.test_profiles" name="test_three_by_three_study_freezes_base_and_evidence_and_c0_hides_level" time="0.010" /><testcase classname="tests.unit.test_profiles" name="test_missing_independent_ratings_are_not_zero_or_passed" time="0.000" /><testcase classname="tests.unit.test_publisher_supplements" name="test_alternative_keeps_original_text_and_original_blocking_observation" time="0.003" /><testcase classname="tests.unit.test_publisher_supplements" name="test_alternative_cannot_clear_unrelated_blocking_quality_issue" time="0.003" /><testcase classname="tests.unit.test_publisher_supplements" name="test_unverified_or_mismatched_alternative_is_rejected[pdf_sha256-bbbbbbbbbbbbbbbbbbbbbbbbbbbbbbbbbbbbbbbbbbbbbbbbbbbbbbbbbbbbbbbb]" time="0.002" /><testcase classname="tests.unit.test_publisher_supplements" name="test_unverified_or_mismatched_alternative_is_rejected[html_sha256-bbbbbbbbbbbbbbbbbbbbbbbbbbbbbbbbbbbbbbbbbbbbbbbbbbbbbbbbbbbbbbbb]" time="0.004" /><testcase classname="tests.unit.test_publisher_supplements" name="test_unverified_or_mismatched_alternative_is_rejected[text_sha256-bbbbbbbbbbbbbbbbbbbbbbbbbbbbbbbbbbbbbbbbbbbbbbbbbbbbbbbbbbbbbbbb]" time="0.003" /><testcase classname="tests.unit.test_publisher_supplements" name="test_unverified_or_mismatched_alternative_is_rejected[source_url-https://untrusted.example/books/chemistry-2e]" time="0.002" /><testcase classname="tests.unit.test_publisher_supplements" name="test_unverified_or_mismatched_alternative_is_rejected[storage_path-../outside.html]" time="0.002" /><testcase classname="tests.unit.test_publisher_supplements" name="test_unverified_or_mismatched_alternative_is_rejected[physical_page-18]" time="0.003" /><testcase classname="tests.unit.test_publisher_supplements" name="test_unverified_or_mismatched_alternative_is_rejected[review_scope-]" time="0.003" /><testcase classname="tests.unit.test_publisher_supplements" name="test_duplicate_or_ambiguous_publisher_element_is_rejected" time="0.003" /><testcase classname="tests.unit.test_query_reliability" name="test_bare_rag_clarifies_without_retrieval_or_model_call" time="0.003" /><testcase classname="tests.unit.test_query_reliability" name="test_user_ai_context_and_explicit_correction_never_reuse_guessed_evidence" time="0.000" /><testcase classname="tests.unit.test_query_reliability" name="test_biology_topics_are_preserved[What causes ragweed allergy?]" time="0.000" /><testcase classname="tests.unit.test_query_reliability" name="test_biology_topics_are_preserved[What does RAG1 do?]" time="0.000" /><testcase classname="tests.unit.test_query_reliability" name="test_biology_topics_are_preserved[Explain recombination-activating RAG genes]" time="0.000" /><testcase classname="tests.unit.test_query_reliability" name="test_whole_term_gate_blocks_ragweed_even_with_high_authored_score" time="0.000" /><testcase classname="tests.unit.test_query_reliability" name="test_threshold_can_return_no_evidence_and_rejects_wrong_score_scale" time="0.000" /><testcase classname="tests.unit.test_query_reliability" name="test_comparison_keeps_complementary_passages_and_genuine_ragweed" time="0.000" /><testcase classname="tests.unit.test_retrieval" name="test_mock_embedding_is_normalized_repeatable_and_content_sensitive" time="0.001" /><testcase classname="tests.unit.test_retrieval" name="test_bm25_matches_hand_calculated_term_and_stable_ties" time="0.000" /><testcase classname="tests.unit.test_retrieval" name="test_rrf_uses_one_based_ranks_and_never_raw_score_magnitudes" time="0.000" /><testcase classname="tests.unit.test_retrieval" name="test_e5_actual_tokenizer_prefixes_dimension_and_no_silent_truncation" time="0.000" /><testcase classname="tests.unit.test_retrieval" name="test_reranker_records_actual_spans_limits_candidate_count_and_validates_outputs" time="0.000" /><testcase classname="tests.unit.test_retrieval_chat" name="test_policy_requires_explicit_fixed_identity_and_is_copied_at_load" time="0.002" /><testcase classname="tests.unit.test_retrieval_chat" name="test_reranking_preserves_complete_evidence_and_does_not_treat_scores_as_support" time="0.001" /><testcase classname="tests.unit.test_retrieval_chat" name="test_configured_missing_model_has_no_implicit_fallback_and_empty_input_needs_no_model" time="0.000" /><testcase classname="tests.unit.test_retrieval_chat" name="test_local_checkpoint_resolution_cannot_download_or_switch_revision" time="0.002" /><testcase classname="tests.unit.test_runtime_device" name="test_auto_chooses_available_device[False-False-cpu]" time="0.000" /><testcase classname="tests.unit.test_runtime_device" name="test_auto_chooses_available_device[True-True-cuda]" time="0.000" /><testcase classname="tests.unit.test_runtime_device" name="test_auto_chooses_available_device[False-True-mps]" time="0.000" /><testcase classname="tests.unit.test_runtime_device" name="test_explicit_cpu_and_strict_unavailable_device" time="0.001" /><testcase classname="tests.unit.test_runtime_device" name="test_cpu_query_preserves_cuda_build_identity_and_cache_separation" time="0.000" /><testcase classname="tests.unit.test_sciq_acquisition" name="test_lossless_parquet_unicode_and_all_item_public_preflight_boundary" time="0.267" /><testcase classname="tests.unit.test_sciq_acquisition" name="test_official_byte_hash_mismatch_stops_before_raw_publication" time="0.006" /><testcase classname="tests.unit.test_sciq_live_comparison_plan" name="test_all_scheduled_failures_stay_in_denominator_and_paired_identity" time="0.165" /><testcase classname="tests.unit.test_sciq_live_comparison_plan" name="test_unresolved_item_prevents_final_paired_statistics" time="0.001" /><testcase classname="tests.unit.test_sciq_live_comparison_plan" name="test_preflight_binds_exact_schedule_public_plan_and_frozen_runs" time="0.002" /><testcase classname="tests.unit.test_sciq_live_comparison_plan" name="test_mcq_report_uses_separate_accuracy_and_all_scheduled_denominators" time="0.086" /><testcase classname="tests.unit.test_sciq_live_comparison_plan" name="test_protocol_selection_separates_artifact_roots_and_rejects_cross_protocol_plan" time="0.000" /><testcase classname="tests.unit.test_source_recovery_guards" name="test_page_review_retains_original_issues_and_only_resolves_its_verified_scope" time="0.000" /><testcase classname="tests.unit.test_source_recovery_guards" name="test_page_review_rejects_wrong_source_location_hash_and_unsupported_discard[change0-different PDF]" time="0.000" /><testcase classname="tests.unit.test_source_recovery_guards" name="test_page_review_rejects_wrong_source_location_hash_and_unsupported_discard[change1-native extraction]" time="0.000" /><testcase classname="tests.unit.test_source_recovery_guards" name="test_page_review_rejects_wrong_source_location_hash_and_unsupported_discard[change2-current page]" time="0.000" /><testcase classname="tests.unit.test_source_recovery_guards" name="test_page_review_rejects_wrong_source_location_hash_and_unsupported_discard[change3-cannot be discarded]" time="0.000" /><testcase classname="tests.unit.test_source_recovery_guards" name="test_page_review_rejects_wrong_source_location_hash_and_unsupported_discard[change4-inspection evidence]" time="0.000" /><testcase classname="tests.unit.test_source_recovery_guards" name="test_image_transcription_preserves_native_unit_and_links_separate_reviewed_text" time="0.008" /><testcase classname="tests.unit.test_source_recovery_guards" name="test_image_transcription_rejects_tampered_render_ocr_and_review_bytes[page.png]" time="0.004" /><testcase classname="tests.unit.test_source_recovery_guards" name="test_image_transcription_rejects_tampered_render_ocr_and_review_bytes[raw-ocr.json]" time="0.004" /><testcase classname="tests.unit.test_source_recovery_guards" name="test_image_transcription_rejects_tampered_render_ocr_and_review_bytes[reviewed.json]" time="0.003" /><testcase classname="tests.unit.test_source_recovery_guards" name="test_image_transcription_rejects_unreviewed_misaligned_or_outside_artifacts[changes0-explicit bounded source review]" time="0.004" /><testcase classname="tests.unit.test_source_recovery_guards" name="test_image_transcription_rejects_unreviewed_misaligned_or_outside_artifacts[changes1-metadata does not match]" time="0.003" /><testcase classname="tests.unit.test_source_recovery_guards" name="test_image_transcription_rejects_unreviewed_misaligned_or_outside_artifacts[changes2-native extraction]" time="0.003" /><testcase classname="tests.unit.test_source_recovery_guards" name="test_image_transcription_rejects_unreviewed_misaligned_or_outside_artifacts[changes3-text does not verify]" time="0.003" /><testcase classname="tests.unit.test_source_recovery_guards" name="test_image_transcription_rejects_unreviewed_misaligned_or_outside_artifacts[changes4-explicit bounded source review]" time="0.004" /><testcase classname="tests.unit.test_source_recovery_guards" name="test_image_transcription_rejects_unreviewed_misaligned_or_outside_artifacts[changes5-outside source storage]" time="0.003" /><testcase classname="tests.unit.test_source_recovery_guards" name="test_image_transcription_rejects_wrong_pdf_duplicate_page_and_unrelated_blocker" time="0.005" /><testcase classname="tests.unit.test_source_recovery_guards" name="test_image_transcription_native_rewrapping_is_explicit_but_reordered_text_fails" time="0.004" /><testcase classname="tests.unit.test_source_recovery_guards" name="test_image_transcription_paragraph_order_is_part_of_pinned_text_identity" time="0.004" /><testcase classname="tests.unit.test_teaching_token_budget" name="test_complete_evidence_and_profile_count_against_window_before_single_call" time="0.002" /><testcase classname="tests.unit.test_teaching_token_budget" name="test_provider_count_mode_requires_explicit_estimate_without_extra_call" time="0.001" /><testcase classname="tests.unit.test_teaching_token_budget" name="test_configured_local_tokenizer_selection_is_used_and_missing_strict_mapping_stops" time="0.031" /></testsuite></testsuites>